# JRE version: OpenJDK Runtime Environment (8.0_242-b01) (build 1.8.0_242-release-1644-b01)
# Java VM: OpenJDK 64-Bit Server VM (25.242-b01 mixed mode windows-amd64 compressed oops)
Heap:
 PSYoungGen      total 496640K, used 13784K [0x00000000d5580000, 0x00000000fd480000, 0x0000000100000000)
  eden space 441856K, 3% used [0x00000000d5580000,0x00000000d62f6398,0x00000000f0500000)
  from space 54784K, 0% used [0x00000000f0500000,0x00000000f0500000,0x00000000f3a80000)
  to   space 51712K, 0% used [0x00000000fa200000,0x00000000fa200000,0x00000000fd480000)
 ParOldGen       total 143360K, used 138064K [0x0000000080000000, 0x0000000088c00000, 0x00000000d5580000)
  object space 143360K, 96% used [0x0000000080000000,0x00000000886d43c8,0x0000000088c00000)
 Metaspace       used 86005K, capacity 89794K, committed 92080K, reserved 1128448K
  class space    used 11365K, capacity 12146K, committed 12720K, reserved 1048576K
GC Heap History (10 events):
Event: 43.248 GC heap before
{Heap before GC invocations=31 (full 8):
 PSYoungGen      total 496640K, used 441856K [0x00000000d5580000, 0x00000000fd480000, 0x0000000100000000)
  eden space 441856K, 100% used [0x00000000d5580000,0x00000000f0500000,0x00000000f0500000)
  from space 54784K, 0% used [0x00000000f0500000,0x00000000f0500000,0x00000000f3a80000)
  to   space 51712K, 0% used [0x00000000fa200000,0x00000000fa200000,0x00000000fd480000)
 ParOldGen       total 143360K, used 133066K [0x0000000080000000, 0x0000000088c00000, 0x00000000d5580000)
  object space 143360K, 92% used [0x0000000080000000,0x00000000881f29a0,0x0000000088c00000)
 Metaspace       used 85786K, capacity 89568K, committed 91824K, reserved 1128448K
  class space    used 11360K, capacity 12145K, committed 12720K, reserved 1048576K
Event: 43.681 GC heap after
Heap after GC invocations=31 (full 8):
 PSYoungGen      total 496640K, used 0K [0x00000000d5580000, 0x00000000fd480000, 0x0000000100000000)
  eden space 441856K, 0% used [0x00000000d5580000,0x00000000d5580000,0x00000000f0500000)
  from space 54784K, 0% used [0x00000000f0500000,0x00000000f0500000,0x00000000f3a80000)
  to   space 51712K, 0% used [0x00000000fa200000,0x00000000fa200000,0x00000000fd480000)
 ParOldGen       total 143360K, used 131029K [0x0000000080000000, 0x0000000088c00000, 0x00000000d5580000)
  object space 143360K, 91% used [0x0000000080000000,0x0000000087ff57b0,0x0000000088c00000)
 Metaspace       used 85786K, capacity 89568K, committed 91824K, reserved 1128448K
  class space    used 11360K, capacity 12145K, committed 12720K, reserved 1048576K
}
Event: 44.454 GC heap before
{Heap before GC invocations=32 (full 9):
 PSYoungGen      total 496640K, used 441856K [0x00000000d5580000, 0x00000000fd480000, 0x0000000100000000)
  eden space 441856K, 100% used [0x00000000d5580000,0x00000000f0500000,0x00000000f0500000)
  from space 54784K, 0% used [0x00000000f0500000,0x00000000f0500000,0x00000000f3a80000)
  to   space 51712K, 0% used [0x00000000fa200000,0x00000000fa200000,0x00000000fd480000)
 ParOldGen       total 143360K, used 131029K [0x0000000080000000, 0x0000000088c00000, 0x00000000d5580000)
  object space 143360K, 91% used [0x0000000080000000,0x0000000087ff57b0,0x0000000088c00000)
 Metaspace       used 85815K, capacity 89580K, committed 91824K, reserved 1128448K
  class space    used 11360K, capacity 12145K, committed 12720K, reserved 1048576K
Event: 45.558 GC heap after
Heap after GC invocations=32 (full 9):
 PSYoungGen      total 496640K, used 0K [0x00000000d5580000, 0x00000000fd480000, 0x0000000100000000)
  eden space 441856K, 0% used [0x00000000d5580000,0x00000000d5580000,0x00000000f0500000)
  from space 54784K, 0% used [0x00000000f0500000,0x00000000f0500000,0x00000000f3a80000)
  to   space 51712K, 0% used [0x00000000fa200000,0x00000000fa200000,0x00000000fd480000)
 ParOldGen       total 143360K, used 130954K [0x0000000080000000, 0x0000000088c00000, 0x00000000d5580000)
  object space 143360K, 91% used [0x0000000080000000,0x0000000087fe2880,0x0000000088c00000)
 Metaspace       used 85815K, capacity 89580K, committed 91824K, reserved 1128448K
  class space    used 11360K, capacity 12145K, committed 12720K, reserved 1048576K
}
Event: 46.366 GC heap before
{Heap before GC invocations=33 (full 10):
 PSYoungGen      total 496640K, used 441856K [0x00000000d5580000, 0x00000000fd480000, 0x0000000100000000)
  eden space 441856K, 100% used [0x00000000d5580000,0x00000000f0500000,0x00000000f0500000)
  from space 54784K, 0% used [0x00000000f0500000,0x00000000f0500000,0x00000000f3a80000)
  to   space 51712K, 0% used [0x00000000fa200000,0x00000000fa200000,0x00000000fd480000)
 ParOldGen       total 143360K, used 130954K [0x0000000080000000, 0x0000000088c00000, 0x00000000d5580000)
  object space 143360K, 91% used [0x0000000080000000,0x0000000087fe2880,0x0000000088c00000)
 Metaspace       used 85902K, capacity 89662K, committed 91824K, reserved 1128448K
  class space    used 11362K, capacity 12146K, committed 12720K, reserved 1048576K
Event: 46.746 GC heap after
Heap after GC invocations=33 (full 10):
 PSYoungGen      total 496640K, used 0K [0x00000000d5580000, 0x00000000fd480000, 0x0000000100000000)
  eden space 441856K, 0% used [0x00000000d5580000,0x00000000d5580000,0x00000000f0500000)
  from space 54784K, 0% used [0x00000000f0500000,0x00000000f0500000,0x00000000f3a80000)
  to   space 51712K, 0% used [0x00000000fa200000,0x00000000fa200000,0x00000000fd480000)
 ParOldGen       total 143360K, used 130997K [0x0000000080000000, 0x0000000088c00000, 0x00000000d5580000)
  object space 143360K, 91% used [0x0000000080000000,0x0000000087fed660,0x0000000088c00000)
 Metaspace       used 85902K, capacity 89662K, committed 91824K, reserved 1128448K
  class space    used 11362K, capacity 12146K, committed 12720K, reserved 1048576K
}
Event: 47.599 GC heap before
{Heap before GC invocations=34 (full 11):
 PSYoungGen      total 496640K, used 441856K [0x00000000d5580000, 0x00000000fd480000, 0x0000000100000000)
  eden space 441856K, 100% used [0x00000000d5580000,0x00000000f0500000,0x00000000f0500000)
  from space 54784K, 0% used [0x00000000f0500000,0x00000000f0500000,0x00000000f3a80000)
  to   space 51712K, 0% used [0x00000000fa200000,0x00000000fa200000,0x00000000fd480000)
 ParOldGen       total 143360K, used 130997K [0x0000000080000000, 0x0000000088c00000, 0x00000000d5580000)
  object space 143360K, 91% used [0x0000000080000000,0x0000000087fed660,0x0000000088c00000)
 Metaspace       used 85950K, capacity 89726K, committed 92080K, reserved 1128448K
  class space    used 11365K, capacity 12146K, committed 12720K, reserved 1048576K
Event: 48.059 GC heap after
Heap after GC invocations=34 (full 11):
 PSYoungGen      total 496640K, used 0K [0x00000000d5580000, 0x00000000fd480000, 0x0000000100000000)
  eden space 441856K, 0% used [0x00000000d5580000,0x00000000d5580000,0x00000000f0500000)
  from space 54784K, 0% used [0x00000000f0500000,0x00000000f0500000,0x00000000f3a80000)
  to   space 51712K, 0% used [0x00000000fa200000,0x00000000fa200000,0x00000000fd480000)
 ParOldGen       total 143360K, used 128512K [0x0000000080000000, 0x0000000088c00000, 0x00000000d5580000)
  object space 143360K, 89% used [0x0000000080000000,0x0000000087d803e0,0x0000000088c00000)
 Metaspace       used 85950K, capacity 89726K, committed 92080K, reserved 1128448K
  class space    used 11365K, capacity 12146K, committed 12720K, reserved 1048576K
}
Event: 49.291 GC heap before
{Heap before GC invocations=35 (full 12):
 PSYoungGen      total 496640K, used 441856K [0x00000000d5580000, 0x00000000fd480000, 0x0000000100000000)
  eden space 441856K, 100% used [0x00000000d5580000,0x00000000f0500000,0x00000000f0500000)
  from space 54784K, 0% used [0x00000000f0500000,0x00000000f0500000,0x00000000f3a80000)
  to   space 51712K, 0% used [0x00000000fa200000,0x00000000fa200000,0x00000000fd480000)
 ParOldGen       total 143360K, used 128512K [0x0000000080000000, 0x0000000088c00000, 0x00000000d5580000)
  object space 143360K, 89% used [0x0000000080000000,0x0000000087d803e0,0x0000000088c00000)
 Metaspace       used 86005K, capacity 89794K, committed 92080K, reserved 1128448K
  class space    used 11365K, capacity 12146K, committed 12720K, reserved 1048576K
Event: 51.162 GC heap after
Heap after GC invocations=35 (full 12):
 PSYoungGen      total 496640K, used 0K [0x00000000d5580000, 0x00000000fd480000, 0x0000000100000000)
  eden space 441856K, 0% used [0x00000000d5580000,0x00000000d5580000,0x00000000f0500000)
  from space 54784K, 0% used [0x00000000f0500000,0x00000000f0500000,0x00000000f3a80000)
  to   space 51712K, 0% used [0x00000000fa200000,0x00000000fa200000,0x00000000fd480000)
 ParOldGen       total 143360K, used 138064K [0x0000000080000000, 0x0000000088c00000, 0x00000000d5580000)
  object space 143360K, 96% used [0x0000000080000000,0x00000000886d43c8,0x0000000088c00000)
 Metaspace       used 86005K, capacity 89794K, committed 92080K, reserved 1128448K
  class space    used 11365K, capacity 12146K, committed 12720K, reserved 1048576K
}

